#
# There is insufficient memory for the Java Runtime Environment to continue.
# Native memory allocation (malloc) failed to allocate 480496 bytes. Error detail: Chunk::new
# Possible reasons:
#   The system is out of physical RAM or swap space
#   This process is running with CompressedOops enabled, and the Java Heap may be blocking the growth of the native heap
# Possible solutions:
#   Reduce memory load on the system
#   Increase physical memory or swap space
#   Check if swap backing store is full
#   Decrease Java heap size (-Xmx/-Xms)
#   Decrease number of Java threads
#   Decrease Java thread stack sizes (-Xss)
#   Set larger code cache with -XX:ReservedCodeCacheSize=
#   JVM is running with Unscaled Compressed Oops mode in which the Java heap is
#     placed in the first 4GB address space. The Java Heap base address is the
#     maximum limit for the native heap growth. Please use -XX:HeapBaseMinAddress
#     to set the Java Heap base and to place the Java Heap above 4GB virtual address.
# This output file may be truncated or incomplete.
#
#  Out of Memory Error (arena.cpp:191), pid=6448, tid=2380
#
# JRE version: OpenJDK Runtime Environment Temurin-17.0.15+6 (17.0.15+6) (build 17.0.15+6)
# Java VM: OpenJDK 64-Bit Server VM Temurin-17.0.15+6 (17.0.15+6, mixed mode, sharing, tiered, compressed oops, compressed class ptrs, g1 gc, windows-amd64)
# No core dump will be written. Minidumps are not enabled by default on client versions of Windows
#

---------------  S U M M A R Y ------------

Command Line: -Xms256m -Xmx2048m c:\Users\JARVIS\.vscode\extensions\nicolasvuillamy.vscode-groovy-lint-3.3.1\server\node_modules\npm-groovy-lint\lib/java/CodeNarcServer.jar --server

Host: Intel(R) Core(TM) i3-7100U CPU @ 2.40GHz, 4 cores, 11G,  Windows 10 , 64 bit Build 19041 (10.0.19041.5915)
Time: Mon Jul  7 23:04:01 2025 India Standard Time elapsed time: 2.944991 seconds (0d 0h 0m 2s)

---------------  T H R E A D  ---------------

Current thread (0x000001687c45a910):  JavaThread "C2 CompilerThread0" daemon [_thread_in_native, id=2380, stack(0x00000022d1900000,0x00000022d1a00000)]


Current CompileTask:
C2:   2945 2057       4       java.util.HashSet::add (20 bytes)

Stack: [0x00000022d1900000,0x00000022d1a00000]
Native frames: (J=compiled Java code, j=interpreted, Vv=VM code, C=native code)
V  [jvm.dll+0x682fc9]
V  [jvm.dll+0x839878]
V  [jvm.dll+0x83b323]
V  [jvm.dll+0x83b993]
V  [jvm.dll+0x24725f]
V  [jvm.dll+0xacea4]
V  [jvm.dll+0xad53c]
V  [jvm.dll+0x365c1f]
V  [jvm.dll+0x32fe58]
V  [jvm.dll+0x32f2da]
V  [jvm.dll+0x21824f]
V  [jvm.dll+0x21768f]
V  [jvm.dll+0x1a31b0]
V  [jvm.dll+0x227a9c]
V  [jvm.dll+0x225bfb]
V  [jvm.dll+0x7ef018]
V  [jvm.dll+0x7e94dc]
V  [jvm.dll+0x681ea7]
C  [ucrtbase.dll+0x21bb2]
C  [KERNEL32.DLL+0x17374]
C  [ntdll.dll+0x4cc91]


---------------  P R O C E S S  ---------------

Threads class SMR info:
_java_thread_list=0x000001687d332520, length=14, elements={
0x000001687c43e830, 0x000001687c4400d0, 0x000001687c453d50, 0x000001687c457890,
0x000001687c458250, 0x000001687c459c20, 0x000001687c45a910, 0x000001687c47ea00,
0x000001687c5cc480, 0x000001687c681a40, 0x000001687c686ba0, 0x000001687cd15200,
0x000001686134b0c0, 0x000001687d21f050
}

Java Threads: ( => current thread )
  0x000001687c43e830 JavaThread "Reference Handler" daemon [_thread_blocked, id=8748, stack(0x00000022d1300000,0x00000022d1400000)]
  0x000001687c4400d0 JavaThread "Finalizer" daemon [_thread_blocked, id=3864, stack(0x00000022d1400000,0x00000022d1500000)]
  0x000001687c453d50 JavaThread "Signal Dispatcher" daemon [_thread_blocked, id=14992, stack(0x00000022d1500000,0x00000022d1600000)]
  0x000001687c457890 JavaThread "Attach Listener" daemon [_thread_blocked, id=6312, stack(0x00000022d1600000,0x00000022d1700000)]
  0x000001687c458250 JavaThread "Service Thread" daemon [_thread_blocked, id=5968, stack(0x00000022d1700000,0x00000022d1800000)]
  0x000001687c459c20 JavaThread "Monitor Deflation Thread" daemon [_thread_blocked, id=9088, stack(0x00000022d1800000,0x00000022d1900000)]
=>0x000001687c45a910 JavaThread "C2 CompilerThread0" daemon [_thread_in_native, id=2380, stack(0x00000022d1900000,0x00000022d1a00000)]
  0x000001687c47ea00 JavaThread "C1 CompilerThread0" daemon [_thread_blocked, id=12548, stack(0x00000022d1a00000,0x00000022d1b00000)]
  0x000001687c5cc480 JavaThread "Sweeper thread" daemon [_thread_blocked, id=9096, stack(0x00000022d1b00000,0x00000022d1c00000)]
  0x000001687c681a40 JavaThread "Notification Thread" daemon [_thread_blocked, id=8428, stack(0x00000022d1c00000,0x00000022d1d00000)]
  0x000001687c686ba0 JavaThread "Common-Cleaner" daemon [_thread_blocked, id=8928, stack(0x00000022d1e00000,0x00000022d1f00000)]
  0x000001687cd15200 JavaThread "C2 CompilerThread1" daemon [_thread_in_native, id=8116, stack(0x00000022d1f00000,0x00000022d2000000)]
  0x000001686134b0c0 JavaThread "DestroyJavaVM" [_thread_blocked, id=12656, stack(0x00000022d0c00000,0x00000022d0d00000)]
  0x000001687d21f050 JavaThread "Logging-Cleaner" [_thread_in_vm, id=2512, stack(0x00000022d2400000,0x00000022d2500000)]

Other Threads:
  0x000001687c439130 VMThread "VM Thread" [stack: 0x00000022d1200000,0x00000022d1300000] [id=5672]
  0x000001687c681f20 WatcherThread [stack: 0x00000022d1d00000,0x00000022d1e00000] [id=12044]
  0x00000168613a57d0 GCTaskThread "GC Thread#0" [stack: 0x00000022d0d00000,0x00000022d0e00000] [id=7420]
  0x000001687ca41680 GCTaskThread "GC Thread#1" [stack: 0x00000022d2000000,0x00000022d2100000] [id=9260]
  0x000001687ca41940 GCTaskThread "GC Thread#2" [stack: 0x00000022d2100000,0x00000022d2200000] [id=10012]
  0x000001687ca636e0 GCTaskThread "GC Thread#3" [stack: 0x00000022d2200000,0x00000022d2300000] [id=7716]
  0x00000168613b6720 ConcurrentGCThread "G1 Main Marker" [stack: 0x00000022d0e00000,0x00000022d0f00000] [id=10548]
  0x00000168613b7140 ConcurrentGCThread "G1 Conc#0" [stack: 0x00000022d0f00000,0x00000022d1000000] [id=11232]
  0x000001686140e4d0 ConcurrentGCThread "G1 Refine#0" [stack: 0x00000022d1000000,0x00000022d1100000] [id=1556]
  0x000001687ca655c0 ConcurrentGCThread "G1 Refine#1" [stack: 0x00000022d2300000,0x00000022d2400000] [id=9716]
  0x000001687c2f2560 ConcurrentGCThread "G1 Service" [stack: 0x00000022d1100000,0x00000022d1200000] [id=3924]

Threads with active compile tasks:
C2 CompilerThread0     2982 2057       4       java.util.HashSet::add (20 bytes)
C2 CompilerThread1     2982 2072   !   4       jdk.internal.loader.URLClassPath$JarLoader::getResource (354 bytes)

VM state: not at safepoint (normal execution)

VM Mutex/Monitor currently owned by a thread: None

OutOfMemory and StackOverflow Exception counts:
OutOfMemoryError java_heap_errors=2
LinkageErrors=24

Heap address: 0x0000000080000000, size: 2048 MB, Compressed Oops mode: 32-bit

CDS archive(s) mapped at: [0x0000016800000000-0x0000016800a50000-0x0000016800a50000), size 10813440, SharedBaseAddress: 0x0000016800000000, ArchiveRelocationMode: 1.
Compressed class space mapped at: 0x0000016801000000-0x0000016841000000, reserved size: 1073741824
Narrow klass base: 0x0000016800000000, Narrow klass shift: 0, Narrow klass range: 0x100000000

GC Precious Log:
 CPUs: 4 total, 4 available
 Memory: 12190M
 Large Page Support: Disabled
 NUMA Support: Disabled
 Compressed Oops: Enabled (32-bit)
 Heap Region Size: 1M
 Heap Min Capacity: 256M
 Heap Initial Capacity: 256M
 Heap Max Capacity: 2G
 Pre-touch: Disabled
 Parallel Workers: 4
 Concurrent Workers: 1
 Concurrent Refinement Workers: 4
 Periodic GC: Disabled

Heap:
 garbage-first heap   total 262144K, used 16105K [0x0000000080000000, 0x0000000100000000)
  region size 1024K, 13 young (13312K), 4 survivors (4096K)
 Metaspace       used 13841K, committed 14144K, reserved 1114112K
  class space    used 1577K, committed 1728K, reserved 1048576K

Heap Regions: E=young(eden), S=young(survivor), O=old, HS=humongous(starts), HC=humongous(continues), CS=collection set, F=free, OA=open archive, CA=closed archive, TAMS=top-at-mark-start (previous, next)
|   0|0x0000000080000000, 0x0000000080100000, 0x0000000080100000|100%| O|  |TAMS 0x0000000080000000, 0x0000000080000000| Untracked 
|   1|0x0000000080100000, 0x0000000080200000, 0x0000000080200000|100%| O|  |TAMS 0x0000000080100000, 0x0000000080100000| Untracked 
|   2|0x0000000080200000, 0x0000000080200000, 0x0000000080300000|  0%| F|  |TAMS 0x0000000080200000, 0x0000000080200000| Untracked 
|   3|0x0000000080300000, 0x0000000080300000, 0x0000000080400000|  0%| F|  |TAMS 0x0000000080300000, 0x0000000080300000| Untracked 
|   4|0x0000000080400000, 0x0000000080400000, 0x0000000080500000|  0%| F|  |TAMS 0x0000000080400000, 0x0000000080400000| Untracked 
|   5|0x0000000080500000, 0x0000000080600000, 0x0000000080600000|100%| O|  |TAMS 0x0000000080500000, 0x0000000080500000| Untracked 
|   6|0x0000000080600000, 0x00000000806f6a00, 0x0000000080700000| 96%| O|  |TAMS 0x0000000080600000, 0x0000000080600000| Untracked 
|   7|0x0000000080700000, 0x0000000080700000, 0x0000000080800000|  0%| F|  |TAMS 0x0000000080700000, 0x0000000080700000| Untracked 
|   8|0x0000000080800000, 0x0000000080800000, 0x0000000080900000|  0%| F|  |TAMS 0x0000000080800000, 0x0000000080800000| Untracked 
|   9|0x0000000080900000, 0x0000000080900000, 0x0000000080a00000|  0%| F|  |TAMS 0x0000000080900000, 0x0000000080900000| Untracked 
|  10|0x0000000080a00000, 0x0000000080a00000, 0x0000000080b00000|  0%| F|  |TAMS 0x0000000080a00000, 0x0000000080a00000| Untracked 
|  11|0x0000000080b00000, 0x0000000080b00000, 0x0000000080c00000|  0%| F|  |TAMS 0x0000000080b00000, 0x0000000080b00000| Untracked 
|  12|0x0000000080c00000, 0x0000000080c00000, 0x0000000080d00000|  0%| F|  |TAMS 0x0000000080c00000, 0x0000000080c00000| Untracked 
|  13|0x0000000080d00000, 0x0000000080d00000, 0x0000000080e00000|  0%| F|  |TAMS 0x0000000080d00000, 0x0000000080d00000| Untracked 
|  14|0x0000000080e00000, 0x0000000080e00000, 0x0000000080f00000|  0%| F|  |TAMS 0x0000000080e00000, 0x0000000080e00000| Untracked 
|  15|0x0000000080f00000, 0x0000000080f00000, 0x0000000081000000|  0%| F|  |TAMS 0x0000000080f00000, 0x0000000080f00000| Untracked 
|  16|0x0000000081000000, 0x0000000081000000, 0x0000000081100000|  0%| F|  |TAMS 0x0000000081000000, 0x0000000081000000| Untracked 
|  17|0x0000000081100000, 0x0000000081100000, 0x0000000081200000|  0%| F|  |TAMS 0x0000000081100000, 0x0000000081100000| Untracked 
|  18|0x0000000081200000, 0x0000000081200000, 0x0000000081300000|  0%| F|  |TAMS 0x0000000081200000, 0x0000000081200000| Untracked 
|  19|0x0000000081300000, 0x0000000081300000, 0x0000000081400000|  0%| F|  |TAMS 0x0000000081300000, 0x0000000081300000| Untracked 
|  20|0x0000000081400000, 0x0000000081400000, 0x0000000081500000|  0%| F|  |TAMS 0x0000000081400000, 0x0000000081400000| Untracked 
|  21|0x0000000081500000, 0x0000000081500000, 0x0000000081600000|  0%| F|  |TAMS 0x0000000081500000, 0x0000000081500000| Untracked 
|  22|0x0000000081600000, 0x0000000081600000, 0x0000000081700000|  0%| F|  |TAMS 0x0000000081600000, 0x0000000081600000| Untracked 
|  23|0x0000000081700000, 0x0000000081700000, 0x0000000081800000|  0%| F|  |TAMS 0x0000000081700000, 0x0000000081700000| Untracked 
|  24|0x0000000081800000, 0x0000000081800000, 0x0000000081900000|  0%| F|  |TAMS 0x0000000081800000, 0x0000000081800000| Untracked 
|  25|0x0000000081900000, 0x0000000081900000, 0x0000000081a00000|  0%| F|  |TAMS 0x0000000081900000, 0x0000000081900000| Untracked 
|  26|0x0000000081a00000, 0x0000000081a00000, 0x0000000081b00000|  0%| F|  |TAMS 0x0000000081a00000, 0x0000000081a00000| Untracked 
|  27|0x0000000081b00000, 0x0000000081b00000, 0x0000000081c00000|  0%| F|  |TAMS 0x0000000081b00000, 0x0000000081b00000| Untracked 
|  28|0x0000000081c00000, 0x0000000081c00000, 0x0000000081d00000|  0%| F|  |TAMS 0x0000000081c00000, 0x0000000081c00000| Untracked 
|  29|0x0000000081d00000, 0x0000000081d00000, 0x0000000081e00000|  0%| F|  |TAMS 0x0000000081d00000, 0x0000000081d00000| Untracked 
|  30|0x0000000081e00000, 0x0000000081e00000, 0x0000000081f00000|  0%| F|  |TAMS 0x0000000081e00000, 0x0000000081e00000| Untracked 
|  31|0x0000000081f00000, 0x0000000081f00000, 0x0000000082000000|  0%| F|  |TAMS 0x0000000081f00000, 0x0000000081f00000| Untracked 
|  32|0x0000000082000000, 0x0000000082000000, 0x0000000082100000|  0%| F|  |TAMS 0x0000000082000000, 0x0000000082000000| Untracked 
|  33|0x0000000082100000, 0x0000000082100000, 0x0000000082200000|  0%| F|  |TAMS 0x0000000082100000, 0x0000000082100000| Untracked 
|  34|0x0000000082200000, 0x0000000082200000, 0x0000000082300000|  0%| F|  |TAMS 0x0000000082200000, 0x0000000082200000| Untracked 
|  35|0x0000000082300000, 0x0000000082300000, 0x0000000082400000|  0%| F|  |TAMS 0x0000000082300000, 0x0000000082300000| Untracked 
|  36|0x0000000082400000, 0x0000000082400000, 0x0000000082500000|  0%| F|  |TAMS 0x0000000082400000, 0x0000000082400000| Untracked 
|  37|0x0000000082500000, 0x0000000082500000, 0x0000000082600000|  0%| F|  |TAMS 0x0000000082500000, 0x0000000082500000| Untracked 
|  38|0x0000000082600000, 0x0000000082600000, 0x0000000082700000|  0%| F|  |TAMS 0x0000000082600000, 0x0000000082600000| Untracked 
|  39|0x0000000082700000, 0x0000000082700000, 0x0000000082800000|  0%| F|  |TAMS 0x0000000082700000, 0x0000000082700000| Untracked 
|  40|0x0000000082800000, 0x0000000082800000, 0x0000000082900000|  0%| F|  |TAMS 0x0000000082800000, 0x0000000082800000| Untracked 
|  41|0x0000000082900000, 0x0000000082900000, 0x0000000082a00000|  0%| F|  |TAMS 0x0000000082900000, 0x0000000082900000| Untracked 
|  42|0x0000000082a00000, 0x0000000082a00000, 0x0000000082b00000|  0%| F|  |TAMS 0x0000000082a00000, 0x0000000082a00000| Untracked 
|  43|0x0000000082b00000, 0x0000000082b00000, 0x0000000082c00000|  0%| F|  |TAMS 0x0000000082b00000, 0x0000000082b00000| Untracked 
|  44|0x0000000082c00000, 0x0000000082c00000, 0x0000000082d00000|  0%| F|  |TAMS 0x0000000082c00000, 0x0000000082c00000| Untracked 
|  45|0x0000000082d00000, 0x0000000082d00000, 0x0000000082e00000|  0%| F|  |TAMS 0x0000000082d00000, 0x0000000082d00000| Untracked 
|  46|0x0000000082e00000, 0x0000000082e00000, 0x0000000082f00000|  0%| F|  |TAMS 0x0000000082e00000, 0x0000000082e00000| Untracked 
|  47|0x0000000082f00000, 0x0000000082f00000, 0x0000000083000000|  0%| F|  |TAMS 0x0000000082f00000, 0x0000000082f00000| Untracked 
|  48|0x0000000083000000, 0x0000000083000000, 0x0000000083100000|  0%| F|  |TAMS 0x0000000083000000, 0x0000000083000000| Untracked 
|  49|0x0000000083100000, 0x0000000083100000, 0x0000000083200000|  0%| F|  |TAMS 0x0000000083100000, 0x0000000083100000| Untracked 
|  50|0x0000000083200000, 0x0000000083200000, 0x0000000083300000|  0%| F|  |TAMS 0x0000000083200000, 0x0000000083200000| Untracked 
|  51|0x0000000083300000, 0x0000000083300000, 0x0000000083400000|  0%| F|  |TAMS 0x0000000083300000, 0x0000000083300000| Untracked 
|  52|0x0000000083400000, 0x0000000083400000, 0x0000000083500000|  0%| F|  |TAMS 0x0000000083400000, 0x0000000083400000| Untracked 
|  53|0x0000000083500000, 0x0000000083500000, 0x0000000083600000|  0%| F|  |TAMS 0x0000000083500000, 0x0000000083500000| Untracked 
|  54|0x0000000083600000, 0x0000000083600000, 0x0000000083700000|  0%| F|  |TAMS 0x0000000083600000, 0x0000000083600000| Untracked 
|  55|0x0000000083700000, 0x0000000083700000, 0x0000000083800000|  0%| F|  |TAMS 0x0000000083700000, 0x0000000083700000| Untracked 
|  56|0x0000000083800000, 0x0000000083800000, 0x0000000083900000|  0%| F|  |TAMS 0x0000000083800000, 0x0000000083800000| Untracked 
|  57|0x0000000083900000, 0x0000000083900000, 0x0000000083a00000|  0%| F|  |TAMS 0x0000000083900000, 0x0000000083900000| Untracked 
|  58|0x0000000083a00000, 0x0000000083a00000, 0x0000000083b00000|  0%| F|  |TAMS 0x0000000083a00000, 0x0000000083a00000| Untracked 
|  59|0x0000000083b00000, 0x0000000083b00000, 0x0000000083c00000|  0%| F|  |TAMS 0x0000000083b00000, 0x0000000083b00000| Untracked 
|  60|0x0000000083c00000, 0x0000000083c00000, 0x0000000083d00000|  0%| F|  |TAMS 0x0000000083c00000, 0x0000000083c00000| Untracked 
|  61|0x0000000083d00000, 0x0000000083d00000, 0x0000000083e00000|  0%| F|  |TAMS 0x0000000083d00000, 0x0000000083d00000| Untracked 
|  62|0x0000000083e00000, 0x0000000083e00000, 0x0000000083f00000|  0%| F|  |TAMS 0x0000000083e00000, 0x0000000083e00000| Untracked 
|  63|0x0000000083f00000, 0x0000000083f00000, 0x0000000084000000|  0%| F|  |TAMS 0x0000000083f00000, 0x0000000083f00000| Untracked 
|  64|0x0000000084000000, 0x0000000084000000, 0x0000000084100000|  0%| F|  |TAMS 0x0000000084000000, 0x0000000084000000| Untracked 
|  65|0x0000000084100000, 0x0000000084100000, 0x0000000084200000|  0%| F|  |TAMS 0x0000000084100000, 0x0000000084100000| Untracked 
|  66|0x0000000084200000, 0x0000000084200000, 0x0000000084300000|  0%| F|  |TAMS 0x0000000084200000, 0x0000000084200000| Untracked 
|  67|0x0000000084300000, 0x0000000084300000, 0x0000000084400000|  0%| F|  |TAMS 0x0000000084300000, 0x0000000084300000| Untracked 
|  68|0x0000000084400000, 0x0000000084400000, 0x0000000084500000|  0%| F|  |TAMS 0x0000000084400000, 0x0000000084400000| Untracked 
|  69|0x0000000084500000, 0x0000000084500000, 0x0000000084600000|  0%| F|  |TAMS 0x0000000084500000, 0x0000000084500000| Untracked 
|  70|0x0000000084600000, 0x0000000084600000, 0x0000000084700000|  0%| F|  |TAMS 0x0000000084600000, 0x0000000084600000| Untracked 
|  71|0x0000000084700000, 0x0000000084700000, 0x0000000084800000|  0%| F|  |TAMS 0x0000000084700000, 0x0000000084700000| Untracked 
|  72|0x0000000084800000, 0x0000000084800000, 0x0000000084900000|  0%| F|  |TAMS 0x0000000084800000, 0x0000000084800000| Untracked 
|  73|0x0000000084900000, 0x0000000084900000, 0x0000000084a00000|  0%| F|  |TAMS 0x0000000084900000, 0x0000000084900000| Untracked 
|  74|0x0000000084a00000, 0x0000000084a00000, 0x0000000084b00000|  0%| F|  |TAMS 0x0000000084a00000, 0x0000000084a00000| Untracked 
|  75|0x0000000084b00000, 0x0000000084b00000, 0x0000000084c00000|  0%| F|  |TAMS 0x0000000084b00000, 0x0000000084b00000| Untracked 
|  76|0x0000000084c00000, 0x0000000084c00000, 0x0000000084d00000|  0%| F|  |TAMS 0x0000000084c00000, 0x0000000084c00000| Untracked 
|  77|0x0000000084d00000, 0x0000000084d00000, 0x0000000084e00000|  0%| F|  |TAMS 0x0000000084d00000, 0x0000000084d00000| Untracked 
|  78|0x0000000084e00000, 0x0000000084e00000, 0x0000000084f00000|  0%| F|  |TAMS 0x0000000084e00000, 0x0000000084e00000| Untracked 
|  79|0x0000000084f00000, 0x0000000084f00000, 0x0000000085000000|  0%| F|  |TAMS 0x0000000084f00000, 0x0000000084f00000| Untracked 
|  80|0x0000000085000000, 0x0000000085000000, 0x0000000085100000|  0%| F|  |TAMS 0x0000000085000000, 0x0000000085000000| Untracked 
|  81|0x0000000085100000, 0x0000000085100000, 0x0000000085200000|  0%| F|  |TAMS 0x0000000085100000, 0x0000000085100000| Untracked 
|  82|0x0000000085200000, 0x0000000085200000, 0x0000000085300000|  0%| F|  |TAMS 0x0000000085200000, 0x0000000085200000| Untracked 
|  83|0x0000000085300000, 0x0000000085300000, 0x0000000085400000|  0%| F|  |TAMS 0x0000000085300000, 0x0000000085300000| Untracked 
|  84|0x0000000085400000, 0x0000000085400000, 0x0000000085500000|  0%| F|  |TAMS 0x0000000085400000, 0x0000000085400000| Untracked 
|  85|0x0000000085500000, 0x0000000085500000, 0x0000000085600000|  0%| F|  |TAMS 0x0000000085500000, 0x0000000085500000| Untracked 
|  86|0x0000000085600000, 0x0000000085600000, 0x0000000085700000|  0%| F|  |TAMS 0x0000000085600000, 0x0000000085600000| Untracked 
|  87|0x0000000085700000, 0x0000000085700000, 0x0000000085800000|  0%| F|  |TAMS 0x0000000085700000, 0x0000000085700000| Untracked 
|  88|0x0000000085800000, 0x0000000085800000, 0x0000000085900000|  0%| F|  |TAMS 0x0000000085800000, 0x0000000085800000| Untracked 
|  89|0x0000000085900000, 0x0000000085900000, 0x0000000085a00000|  0%| F|  |TAMS 0x0000000085900000, 0x0000000085900000| Untracked 
|  90|0x0000000085a00000, 0x0000000085a00000, 0x0000000085b00000|  0%| F|  |TAMS 0x0000000085a00000, 0x0000000085a00000| Untracked 
|  91|0x0000000085b00000, 0x0000000085b00000, 0x0000000085c00000|  0%| F|  |TAMS 0x0000000085b00000, 0x0000000085b00000| Untracked 
|  92|0x0000000085c00000, 0x0000000085c00000, 0x0000000085d00000|  0%| F|  |TAMS 0x0000000085c00000, 0x0000000085c00000| Untracked 
|  93|0x0000000085d00000, 0x0000000085d00000, 0x0000000085e00000|  0%| F|  |TAMS 0x0000000085d00000, 0x0000000085d00000| Untracked 
|  94|0x0000000085e00000, 0x0000000085e00000, 0x0000000085f00000|  0%| F|  |TAMS 0x0000000085e00000, 0x0000000085e00000| Untracked 
|  95|0x0000000085f00000, 0x0000000085f00000, 0x0000000086000000|  0%| F|  |TAMS 0x0000000085f00000, 0x0000000085f00000| Untracked 
|  96|0x0000000086000000, 0x0000000086000000, 0x0000000086100000|  0%| F|  |TAMS 0x0000000086000000, 0x0000000086000000| Untracked 
|  97|0x0000000086100000, 0x0000000086100000, 0x0000000086200000|  0%| F|  |TAMS 0x0000000086100000, 0x0000000086100000| Untracked 
|  98|0x0000000086200000, 0x0000000086200000, 0x0000000086300000|  0%| F|  |TAMS 0x0000000086200000, 0x0000000086200000| Untracked 
|  99|0x0000000086300000, 0x0000000086300000, 0x0000000086400000|  0%| F|  |TAMS 0x0000000086300000, 0x0000000086300000| Untracked 
| 100|0x0000000086400000, 0x0000000086400000, 0x0000000086500000|  0%| F|  |TAMS 0x0000000086400000, 0x0000000086400000| Untracked 
| 101|0x0000000086500000, 0x0000000086500000, 0x0000000086600000|  0%| F|  |TAMS 0x0000000086500000, 0x0000000086500000| Untracked 
| 102|0x0000000086600000, 0x0000000086600000, 0x0000000086700000|  0%| F|  |TAMS 0x0000000086600000, 0x0000000086600000| Untracked 
| 103|0x0000000086700000, 0x0000000086700000, 0x0000000086800000|  0%| F|  |TAMS 0x0000000086700000, 0x0000000086700000| Untracked 
| 104|0x0000000086800000, 0x0000000086800000, 0x0000000086900000|  0%| F|  |TAMS 0x0000000086800000, 0x0000000086800000| Untracked 
| 105|0x0000000086900000, 0x0000000086900000, 0x0000000086a00000|  0%| F|  |TAMS 0x0000000086900000, 0x0000000086900000| Untracked 
| 106|0x0000000086a00000, 0x0000000086a00000, 0x0000000086b00000|  0%| F|  |TAMS 0x0000000086a00000, 0x0000000086a00000| Untracked 
| 107|0x0000000086b00000, 0x0000000086b00000, 0x0000000086c00000|  0%| F|  |TAMS 0x0000000086b00000, 0x0000000086b00000| Untracked 
| 108|0x0000000086c00000, 0x0000000086c00000, 0x0000000086d00000|  0%| F|  |TAMS 0x0000000086c00000, 0x0000000086c00000| Untracked 
| 109|0x0000000086d00000, 0x0000000086d00000, 0x0000000086e00000|  0%| F|  |TAMS 0x0000000086d00000, 0x0000000086d00000| Untracked 
| 110|0x0000000086e00000, 0x0000000086e00000, 0x0000000086f00000|  0%| F|  |TAMS 0x0000000086e00000, 0x0000000086e00000| Untracked 
| 111|0x0000000086f00000, 0x0000000086f00000, 0x0000000087000000|  0%| F|  |TAMS 0x0000000086f00000, 0x0000000086f00000| Untracked 
| 112|0x0000000087000000, 0x0000000087000000, 0x0000000087100000|  0%| F|  |TAMS 0x0000000087000000, 0x0000000087000000| Untracked 
| 113|0x0000000087100000, 0x0000000087100000, 0x0000000087200000|  0%| F|  |TAMS 0x0000000087100000, 0x0000000087100000| Untracked 
| 114|0x0000000087200000, 0x0000000087200000, 0x0000000087300000|  0%| F|  |TAMS 0x0000000087200000, 0x0000000087200000| Untracked 
| 115|0x0000000087300000, 0x0000000087300000, 0x0000000087400000|  0%| F|  |TAMS 0x0000000087300000, 0x0000000087300000| Untracked 
| 116|0x0000000087400000, 0x0000000087400000, 0x0000000087500000|  0%| F|  |TAMS 0x0000000087400000, 0x0000000087400000| Untracked 
| 117|0x0000000087500000, 0x0000000087500000, 0x0000000087600000|  0%| F|  |TAMS 0x0000000087500000, 0x0000000087500000| Untracked 
| 118|0x0000000087600000, 0x0000000087600000, 0x0000000087700000|  0%| F|  |TAMS 0x0000000087600000, 0x0000000087600000| Untracked 
| 119|0x0000000087700000, 0x0000000087700000, 0x0000000087800000|  0%| F|  |TAMS 0x0000000087700000, 0x0000000087700000| Untracked 
| 120|0x0000000087800000, 0x0000000087800000, 0x0000000087900000|  0%| F|  |TAMS 0x0000000087800000, 0x0000000087800000| Untracked 
| 121|0x0000000087900000, 0x0000000087900000, 0x0000000087a00000|  0%| F|  |TAMS 0x0000000087900000, 0x0000000087900000| Untracked 
| 122|0x0000000087a00000, 0x0000000087a00000, 0x0000000087b00000|  0%| F|  |TAMS 0x0000000087a00000, 0x0000000087a00000| Untracked 
| 123|0x0000000087b00000, 0x0000000087b00000, 0x0000000087c00000|  0%| F|  |TAMS 0x0000000087b00000, 0x0000000087b00000| Untracked 
| 124|0x0000000087c00000, 0x0000000087c00000, 0x0000000087d00000|  0%| F|  |TAMS 0x0000000087c00000, 0x0000000087c00000| Untracked 
| 125|0x0000000087d00000, 0x0000000087d00000, 0x0000000087e00000|  0%| F|  |TAMS 0x0000000087d00000, 0x0000000087d00000| Untracked 
| 126|0x0000000087e00000, 0x0000000087e00000, 0x0000000087f00000|  0%| F|  |TAMS 0x0000000087e00000, 0x0000000087e00000| Untracked 
| 127|0x0000000087f00000, 0x0000000087f00000, 0x0000000088000000|  0%| F|  |TAMS 0x0000000087f00000, 0x0000000087f00000| Untracked 
| 128|0x0000000088000000, 0x0000000088000000, 0x0000000088100000|  0%| F|  |TAMS 0x0000000088000000, 0x0000000088000000| Untracked 
| 129|0x0000000088100000, 0x0000000088100000, 0x0000000088200000|  0%| F|  |TAMS 0x0000000088100000, 0x0000000088100000| Untracked 
| 130|0x0000000088200000, 0x0000000088200000, 0x0000000088300000|  0%| F|  |TAMS 0x0000000088200000, 0x0000000088200000| Untracked 
| 131|0x0000000088300000, 0x0000000088300000, 0x0000000088400000|  0%| F|  |TAMS 0x0000000088300000, 0x0000000088300000| Untracked 
| 132|0x0000000088400000, 0x0000000088400000, 0x0000000088500000|  0%| F|  |TAMS 0x0000000088400000, 0x0000000088400000| Untracked 
| 133|0x0000000088500000, 0x0000000088500000, 0x0000000088600000|  0%| F|  |TAMS 0x0000000088500000, 0x0000000088500000| Untracked 
| 134|0x0000000088600000, 0x0000000088600000, 0x0000000088700000|  0%| F|  |TAMS 0x0000000088600000, 0x0000000088600000| Untracked 
| 135|0x0000000088700000, 0x0000000088700000, 0x0000000088800000|  0%| F|  |TAMS 0x0000000088700000, 0x0000000088700000| Untracked 
| 136|0x0000000088800000, 0x0000000088800000, 0x0000000088900000|  0%| F|  |TAMS 0x0000000088800000, 0x0000000088800000| Untracked 
| 137|0x0000000088900000, 0x0000000088900000, 0x0000000088a00000|  0%| F|  |TAMS 0x0000000088900000, 0x0000000088900000| Untracked 
| 138|0x0000000088a00000, 0x0000000088a00000, 0x0000000088b00000|  0%| F|  |TAMS 0x0000000088a00000, 0x0000000088a00000| Untracked 
| 139|0x0000000088b00000, 0x0000000088b00000, 0x0000000088c00000|  0%| F|  |TAMS 0x0000000088b00000, 0x0000000088b00000| Untracked 
| 140|0x0000000088c00000, 0x0000000088c00000, 0x0000000088d00000|  0%| F|  |TAMS 0x0000000088c00000, 0x0000000088c00000| Untracked 
| 141|0x0000000088d00000, 0x0000000088d00000, 0x0000000088e00000|  0%| F|  |TAMS 0x0000000088d00000, 0x0000000088d00000| Untracked 
| 142|0x0000000088e00000, 0x0000000088e00000, 0x0000000088f00000|  0%| F|  |TAMS 0x0000000088e00000, 0x0000000088e00000| Untracked 
| 143|0x0000000088f00000, 0x0000000088f00000, 0x0000000089000000|  0%| F|  |TAMS 0x0000000088f00000, 0x0000000088f00000| Untracked 
| 144|0x0000000089000000, 0x0000000089000000, 0x0000000089100000|  0%| F|  |TAMS 0x0000000089000000, 0x0000000089000000| Untracked 
| 145|0x0000000089100000, 0x0000000089100000, 0x0000000089200000|  0%| F|  |TAMS 0x0000000089100000, 0x0000000089100000| Untracked 
| 146|0x0000000089200000, 0x0000000089200000, 0x0000000089300000|  0%| F|  |TAMS 0x0000000089200000, 0x0000000089200000| Untracked 
| 147|0x0000000089300000, 0x0000000089300000, 0x0000000089400000|  0%| F|  |TAMS 0x0000000089300000, 0x0000000089300000| Untracked 
| 148|0x0000000089400000, 0x0000000089400000, 0x0000000089500000|  0%| F|  |TAMS 0x0000000089400000, 0x0000000089400000| Untracked 
| 149|0x0000000089500000, 0x0000000089500000, 0x0000000089600000|  0%| F|  |TAMS 0x0000000089500000, 0x0000000089500000| Untracked 
| 150|0x0000000089600000, 0x0000000089600000, 0x0000000089700000|  0%| F|  |TAMS 0x0000000089600000, 0x0000000089600000| Untracked 
| 151|0x0000000089700000, 0x0000000089700000, 0x0000000089800000|  0%| F|  |TAMS 0x0000000089700000, 0x0000000089700000| Untracked 
| 152|0x0000000089800000, 0x0000000089800000, 0x0000000089900000|  0%| F|  |TAMS 0x0000000089800000, 0x0000000089800000| Untracked 
| 153|0x0000000089900000, 0x0000000089900000, 0x0000000089a00000|  0%| F|  |TAMS 0x0000000089900000, 0x0000000089900000| Untracked 
| 154|0x0000000089a00000, 0x0000000089a00000, 0x0000000089b00000|  0%| F|  |TAMS 0x0000000089a00000, 0x0000000089a00000| Untracked 
| 155|0x0000000089b00000, 0x0000000089b00000, 0x0000000089c00000|  0%| F|  |TAMS 0x0000000089b00000, 0x0000000089b00000| Untracked 
| 156|0x0000000089c00000, 0x0000000089c00000, 0x0000000089d00000|  0%| F|  |TAMS 0x0000000089c00000, 0x0000000089c00000| Untracked 
| 157|0x0000000089d00000, 0x0000000089d00000, 0x0000000089e00000|  0%| F|  |TAMS 0x0000000089d00000, 0x0000000089d00000| Untracked 
| 158|0x0000000089e00000, 0x0000000089e00000, 0x0000000089f00000|  0%| F|  |TAMS 0x0000000089e00000, 0x0000000089e00000| Untracked 
| 159|0x0000000089f00000, 0x0000000089f00000, 0x000000008a000000|  0%| F|  |TAMS 0x0000000089f00000, 0x0000000089f00000| Untracked 
| 160|0x000000008a000000, 0x000000008a000000, 0x000000008a100000|  0%| F|  |TAMS 0x000000008a000000, 0x000000008a000000| Untracked 
| 161|0x000000008a100000, 0x000000008a100000, 0x000000008a200000|  0%| F|  |TAMS 0x000000008a100000, 0x000000008a100000| Untracked 
| 162|0x000000008a200000, 0x000000008a200000, 0x000000008a300000|  0%| F|  |TAMS 0x000000008a200000, 0x000000008a200000| Untracked 
| 163|0x000000008a300000, 0x000000008a300000, 0x000000008a400000|  0%| F|  |TAMS 0x000000008a300000, 0x000000008a300000| Untracked 
| 164|0x000000008a400000, 0x000000008a400000, 0x000000008a500000|  0%| F|  |TAMS 0x000000008a400000, 0x000000008a400000| Untracked 
| 165|0x000000008a500000, 0x000000008a500000, 0x000000008a600000|  0%| F|  |TAMS 0x000000008a500000, 0x000000008a500000| Untracked 
| 166|0x000000008a600000, 0x000000008a600000, 0x000000008a700000|  0%| F|  |TAMS 0x000000008a600000, 0x000000008a600000| Untracked 
| 167|0x000000008a700000, 0x000000008a700000, 0x000000008a800000|  0%| F|  |TAMS 0x000000008a700000, 0x000000008a700000| Untracked 
| 168|0x000000008a800000, 0x000000008a800000, 0x000000008a900000|  0%| F|  |TAMS 0x000000008a800000, 0x000000008a800000| Untracked 
| 169|0x000000008a900000, 0x000000008a900000, 0x000000008aa00000|  0%| F|  |TAMS 0x000000008a900000, 0x000000008a900000| Untracked 
| 170|0x000000008aa00000, 0x000000008aa00000, 0x000000008ab00000|  0%| F|  |TAMS 0x000000008aa00000, 0x000000008aa00000| Untracked 
| 171|0x000000008ab00000, 0x000000008ab00000, 0x000000008ac00000|  0%| F|  |TAMS 0x000000008ab00000, 0x000000008ab00000| Untracked 
| 172|0x000000008ac00000, 0x000000008ac00000, 0x000000008ad00000|  0%| F|  |TAMS 0x000000008ac00000, 0x000000008ac00000| Untracked 
| 173|0x000000008ad00000, 0x000000008ad00000, 0x000000008ae00000|  0%| F|  |TAMS 0x000000008ad00000, 0x000000008ad00000| Untracked 
| 174|0x000000008ae00000, 0x000000008ae00000, 0x000000008af00000|  0%| F|  |TAMS 0x000000008ae00000, 0x000000008ae00000| Untracked 
| 175|0x000000008af00000, 0x000000008af00000, 0x000000008b000000|  0%| F|  |TAMS 0x000000008af00000, 0x000000008af00000| Untracked 
| 176|0x000000008b000000, 0x000000008b000000, 0x000000008b100000|  0%| F|  |TAMS 0x000000008b000000, 0x000000008b000000| Untracked 
| 177|0x000000008b100000, 0x000000008b100000, 0x000000008b200000|  0%| F|  |TAMS 0x000000008b100000, 0x000000008b100000| Untracked 
| 178|0x000000008b200000, 0x000000008b200000, 0x000000008b300000|  0%| F|  |TAMS 0x000000008b200000, 0x000000008b200000| Untracked 
| 179|0x000000008b300000, 0x000000008b300000, 0x000000008b400000|  0%| F|  |TAMS 0x000000008b300000, 0x000000008b300000| Untracked 
| 180|0x000000008b400000, 0x000000008b400000, 0x000000008b500000|  0%| F|  |TAMS 0x000000008b400000, 0x000000008b400000| Untracked 
| 181|0x000000008b500000, 0x000000008b500000, 0x000000008b600000|  0%| F|  |TAMS 0x000000008b500000, 0x000000008b500000| Untracked 
| 182|0x000000008b600000, 0x000000008b600000, 0x000000008b700000|  0%| F|  |TAMS 0x000000008b600000, 0x000000008b600000| Untracked 
| 183|0x000000008b700000, 0x000000008b700000, 0x000000008b800000|  0%| F|  |TAMS 0x000000008b700000, 0x000000008b700000| Untracked 
| 184|0x000000008b800000, 0x000000008b800000, 0x000000008b900000|  0%| F|  |TAMS 0x000000008b800000, 0x000000008b800000| Untracked 
| 185|0x000000008b900000, 0x000000008b900000, 0x000000008ba00000|  0%| F|  |TAMS 0x000000008b900000, 0x000000008b900000| Untracked 
| 186|0x000000008ba00000, 0x000000008ba00000, 0x000000008bb00000|  0%| F|  |TAMS 0x000000008ba00000, 0x000000008ba00000| Untracked 
| 187|0x000000008bb00000, 0x000000008bb00000, 0x000000008bc00000|  0%| F|  |TAMS 0x000000008bb00000, 0x000000008bb00000| Untracked 
| 188|0x000000008bc00000, 0x000000008bc00000, 0x000000008bd00000|  0%| F|  |TAMS 0x000000008bc00000, 0x000000008bc00000| Untracked 
| 189|0x000000008bd00000, 0x000000008bd00000, 0x000000008be00000|  0%| F|  |TAMS 0x000000008bd00000, 0x000000008bd00000| Untracked 
| 190|0x000000008be00000, 0x000000008be00000, 0x000000008bf00000|  0%| F|  |TAMS 0x000000008be00000, 0x000000008be00000| Untracked 
| 191|0x000000008bf00000, 0x000000008bf00000, 0x000000008c000000|  0%| F|  |TAMS 0x000000008bf00000, 0x000000008bf00000| Untracked 
| 192|0x000000008c000000, 0x000000008c000000, 0x000000008c100000|  0%| F|  |TAMS 0x000000008c000000, 0x000000008c000000| Untracked 
| 193|0x000000008c100000, 0x000000008c100000, 0x000000008c200000|  0%| F|  |TAMS 0x000000008c100000, 0x000000008c100000| Untracked 
| 194|0x000000008c200000, 0x000000008c200000, 0x000000008c300000|  0%| F|  |TAMS 0x000000008c200000, 0x000000008c200000| Untracked 
| 195|0x000000008c300000, 0x000000008c300000, 0x000000008c400000|  0%| F|  |TAMS 0x000000008c300000, 0x000000008c300000| Untracked 
| 196|0x000000008c400000, 0x000000008c400000, 0x000000008c500000|  0%| F|  |TAMS 0x000000008c400000, 0x000000008c400000| Untracked 
| 197|0x000000008c500000, 0x000000008c500000, 0x000000008c600000|  0%| F|  |TAMS 0x000000008c500000, 0x000000008c500000| Untracked 
| 198|0x000000008c600000, 0x000000008c600000, 0x000000008c700000|  0%| F|  |TAMS 0x000000008c600000, 0x000000008c600000| Untracked 
| 199|0x000000008c700000, 0x000000008c700000, 0x000000008c800000|  0%| F|  |TAMS 0x000000008c700000, 0x000000008c700000| Untracked 
| 200|0x000000008c800000, 0x000000008c800000, 0x000000008c900000|  0%| F|  |TAMS 0x000000008c800000, 0x000000008c800000| Untracked 
| 201|0x000000008c900000, 0x000000008c900000, 0x000000008ca00000|  0%| F|  |TAMS 0x000000008c900000, 0x000000008c900000| Untracked 
| 202|0x000000008ca00000, 0x000000008ca00000, 0x000000008cb00000|  0%| F|  |TAMS 0x000000008ca00000, 0x000000008ca00000| Untracked 
| 203|0x000000008cb00000, 0x000000008cb00000, 0x000000008cc00000|  0%| F|  |TAMS 0x000000008cb00000, 0x000000008cb00000| Untracked 
| 204|0x000000008cc00000, 0x000000008cc00000, 0x000000008cd00000|  0%| F|  |TAMS 0x000000008cc00000, 0x000000008cc00000| Untracked 
| 205|0x000000008cd00000, 0x000000008cd00000, 0x000000008ce00000|  0%| F|  |TAMS 0x000000008cd00000, 0x000000008cd00000| Untracked 
| 206|0x000000008ce00000, 0x000000008ce00000, 0x000000008cf00000|  0%| F|  |TAMS 0x000000008ce00000, 0x000000008ce00000| Untracked 
| 207|0x000000008cf00000, 0x000000008cf00000, 0x000000008d000000|  0%| F|  |TAMS 0x000000008cf00000, 0x000000008cf00000| Untracked 
| 208|0x000000008d000000, 0x000000008d000000, 0x000000008d100000|  0%| F|  |TAMS 0x000000008d000000, 0x000000008d000000| Untracked 
| 209|0x000000008d100000, 0x000000008d100000, 0x000000008d200000|  0%| F|  |TAMS 0x000000008d100000, 0x000000008d100000| Untracked 
| 210|0x000000008d200000, 0x000000008d200000, 0x000000008d300000|  0%| F|  |TAMS 0x000000008d200000, 0x000000008d200000| Untracked 
| 211|0x000000008d300000, 0x000000008d300000, 0x000000008d400000|  0%| F|  |TAMS 0x000000008d300000, 0x000000008d300000| Untracked 
| 212|0x000000008d400000, 0x000000008d400000, 0x000000008d500000|  0%| F|  |TAMS 0x000000008d400000, 0x000000008d400000| Untracked 
| 213|0x000000008d500000, 0x000000008d500000, 0x000000008d600000|  0%| F|  |TAMS 0x000000008d500000, 0x000000008d500000| Untracked 
| 214|0x000000008d600000, 0x000000008d600000, 0x000000008d700000|  0%| F|  |TAMS 0x000000008d600000, 0x000000008d600000| Untracked 
| 215|0x000000008d700000, 0x000000008d700000, 0x000000008d800000|  0%| F|  |TAMS 0x000000008d700000, 0x000000008d700000| Untracked 
| 216|0x000000008d800000, 0x000000008d800000, 0x000000008d900000|  0%| F|  |TAMS 0x000000008d800000, 0x000000008d800000| Untracked 
| 217|0x000000008d900000, 0x000000008d900000, 0x000000008da00000|  0%| F|  |TAMS 0x000000008d900000, 0x000000008d900000| Untracked 
| 218|0x000000008da00000, 0x000000008da00000, 0x000000008db00000|  0%| F|  |TAMS 0x000000008da00000, 0x000000008da00000| Untracked 
| 219|0x000000008db00000, 0x000000008db00000, 0x000000008dc00000|  0%| F|  |TAMS 0x000000008db00000, 0x000000008db00000| Untracked 
| 220|0x000000008dc00000, 0x000000008dc00000, 0x000000008dd00000|  0%| F|  |TAMS 0x000000008dc00000, 0x000000008dc00000| Untracked 
| 221|0x000000008dd00000, 0x000000008dd00000, 0x000000008de00000|  0%| F|  |TAMS 0x000000008dd00000, 0x000000008dd00000| Untracked 
| 222|0x000000008de00000, 0x000000008de00000, 0x000000008df00000|  0%| F|  |TAMS 0x000000008de00000, 0x000000008de00000| Untracked 
| 223|0x000000008df00000, 0x000000008df00000, 0x000000008e000000|  0%| F|  |TAMS 0x000000008df00000, 0x000000008df00000| Untracked 
| 224|0x000000008e000000, 0x000000008e000000, 0x000000008e100000|  0%| F|  |TAMS 0x000000008e000000, 0x000000008e000000| Untracked 
| 225|0x000000008e100000, 0x000000008e100000, 0x000000008e200000|  0%| F|  |TAMS 0x000000008e100000, 0x000000008e100000| Untracked 
| 226|0x000000008e200000, 0x000000008e2c3a80, 0x000000008e300000| 76%| S|CS|TAMS 0x000000008e200000, 0x000000008e200000| Complete 
| 227|0x000000008e300000, 0x000000008e400000, 0x000000008e400000|100%| S|CS|TAMS 0x000000008e300000, 0x000000008e300000| Complete 
| 228|0x000000008e400000, 0x000000008e500000, 0x000000008e500000|100%| S|CS|TAMS 0x000000008e400000, 0x000000008e400000| Complete 
| 229|0x000000008e500000, 0x000000008e600000, 0x000000008e600000|100%| S|CS|TAMS 0x000000008e500000, 0x000000008e500000| Complete 
| 230|0x000000008e600000, 0x000000008e600000, 0x000000008e700000|  0%| F|  |TAMS 0x000000008e600000, 0x000000008e600000| Untracked 
| 231|0x000000008e700000, 0x000000008e700000, 0x000000008e800000|  0%| F|  |TAMS 0x000000008e700000, 0x000000008e700000| Untracked 
| 232|0x000000008e800000, 0x000000008e800000, 0x000000008e900000|  0%| F|  |TAMS 0x000000008e800000, 0x000000008e800000| Untracked 
| 233|0x000000008e900000, 0x000000008e900000, 0x000000008ea00000|  0%| F|  |TAMS 0x000000008e900000, 0x000000008e900000| Untracked 
| 234|0x000000008ea00000, 0x000000008ea00000, 0x000000008eb00000|  0%| F|  |TAMS 0x000000008ea00000, 0x000000008ea00000| Untracked 
| 235|0x000000008eb00000, 0x000000008eb00000, 0x000000008ec00000|  0%| F|  |TAMS 0x000000008eb00000, 0x000000008eb00000| Untracked 
| 236|0x000000008ec00000, 0x000000008ec00000, 0x000000008ed00000|  0%| F|  |TAMS 0x000000008ec00000, 0x000000008ec00000| Untracked 
| 237|0x000000008ed00000, 0x000000008ed00000, 0x000000008ee00000|  0%| F|  |TAMS 0x000000008ed00000, 0x000000008ed00000| Untracked 
| 238|0x000000008ee00000, 0x000000008ee00000, 0x000000008ef00000|  0%| F|  |TAMS 0x000000008ee00000, 0x000000008ee00000| Untracked 
| 239|0x000000008ef00000, 0x000000008ef00000, 0x000000008f000000|  0%| F|  |TAMS 0x000000008ef00000, 0x000000008ef00000| Untracked 
| 240|0x000000008f000000, 0x000000008f000000, 0x000000008f100000|  0%| F|  |TAMS 0x000000008f000000, 0x000000008f000000| Untracked 
| 241|0x000000008f100000, 0x000000008f100000, 0x000000008f200000|  0%| F|  |TAMS 0x000000008f100000, 0x000000008f100000| Untracked 
| 242|0x000000008f200000, 0x000000008f200000, 0x000000008f300000|  0%| F|  |TAMS 0x000000008f200000, 0x000000008f200000| Untracked 
| 243|0x000000008f300000, 0x000000008f300000, 0x000000008f400000|  0%| F|  |TAMS 0x000000008f300000, 0x000000008f300000| Untracked 
| 244|0x000000008f400000, 0x000000008f400000, 0x000000008f500000|  0%| F|  |TAMS 0x000000008f400000, 0x000000008f400000| Untracked 
| 245|0x000000008f500000, 0x000000008f500000, 0x000000008f600000|  0%| F|  |TAMS 0x000000008f500000, 0x000000008f500000| Untracked 
| 246|0x000000008f600000, 0x000000008f600000, 0x000000008f700000|  0%| F|  |TAMS 0x000000008f600000, 0x000000008f600000| Untracked 
| 247|0x000000008f700000, 0x000000008f780000, 0x000000008f800000| 50%| E|  |TAMS 0x000000008f700000, 0x000000008f700000| Complete 
| 248|0x000000008f800000, 0x000000008f900000, 0x000000008f900000|100%| E|CS|TAMS 0x000000008f800000, 0x000000008f800000| Complete 
| 249|0x000000008f900000, 0x000000008fa00000, 0x000000008fa00000|100%| E|CS|TAMS 0x000000008f900000, 0x000000008f900000| Complete 
| 250|0x000000008fa00000, 0x000000008fb00000, 0x000000008fb00000|100%| E|CS|TAMS 0x000000008fa00000, 0x000000008fa00000| Complete 
| 251|0x000000008fb00000, 0x000000008fc00000, 0x000000008fc00000|100%| E|CS|TAMS 0x000000008fb00000, 0x000000008fb00000| Complete 
| 252|0x000000008fc00000, 0x000000008fd00000, 0x000000008fd00000|100%| E|CS|TAMS 0x000000008fc00000, 0x000000008fc00000| Complete 
| 253|0x000000008fd00000, 0x000000008fe00000, 0x000000008fe00000|100%| E|CS|TAMS 0x000000008fd00000, 0x000000008fd00000| Complete 
| 254|0x000000008fe00000, 0x000000008ff00000, 0x000000008ff00000|100%| E|CS|TAMS 0x000000008fe00000, 0x000000008fe00000| Complete 
| 255|0x000000008ff00000, 0x0000000090000000, 0x0000000090000000|100%| E|CS|TAMS 0x000000008ff00000, 0x000000008ff00000| Complete 

Card table byte_map: [0x0000016875750000,0x0000016875b50000] _byte_map_base: 0x0000016875350000

Marking Bits (Prev, Next): (CMBitMap*) 0x00000168613a5df0, (CMBitMap*) 0x00000168613a5e30
 Prev Bits: [0x0000016875f50000, 0x0000016877f50000)
 Next Bits: [0x0000016877f50000, 0x0000016879f50000)

Polling page: 0x000001685f140000

Metaspace:

Usage:
  Non-class:     11.98 MB used.
      Class:      1.54 MB used.
       Both:     13.52 MB used.

Virtual space:
  Non-class space:       64.00 MB reserved,      12.12 MB ( 19%) committed,  1 nodes.
      Class space:        1.00 GB reserved,       1.69 MB ( <1%) committed,  1 nodes.
             Both:        1.06 GB reserved,      13.81 MB (  1%) committed. 

Chunk freelists:
   Non-Class:  3.77 MB
       Class:  14.28 MB
        Both:  18.05 MB

MaxMetaspaceSize: unlimited
CompressedClassSpaceSize: 1.00 GB
Initial GC threshold: 21.00 MB
Current GC threshold: 21.00 MB
CDS: on
MetaspaceReclaimPolicy: balanced
 - commit_granule_bytes: 65536.
 - commit_granule_words: 8192.
 - virtual_space_node_default_size: 8388608.
 - enlarge_chunks_in_place: 1.
 - new_chunks_are_fully_committed: 0.
 - uncommit_free_chunks: 1.
 - use_allocation_guard: 0.
 - handle_deallocations: 1.


Internal statistics:

num_allocs_failed_limit: 0.
num_arena_births: 184.
num_arena_deaths: 0.
num_vsnodes_births: 2.
num_vsnodes_deaths: 0.
num_space_committed: 221.
num_space_uncommitted: 0.
num_chunks_returned_to_freelist: 0.
num_chunks_taken_from_freelist: 536.
num_chunk_merges: 0.
num_chunk_splits: 374.
num_chunks_enlarged: 281.
num_inconsistent_stats: 0.

CodeHeap 'non-profiled nmethods': size=120000Kb used=768Kb max_used=768Kb free=119231Kb
 bounds [0x000001686de20000, 0x000001686e090000, 0x0000016875350000]
CodeHeap 'profiled nmethods': size=120000Kb used=3708Kb max_used=3708Kb free=116291Kb
 bounds [0x0000016866350000, 0x00000168666f0000, 0x000001686d880000]
CodeHeap 'non-nmethods': size=5760Kb used=2212Kb max_used=2249Kb free=3548Kb
 bounds [0x000001686d880000, 0x000001686daf0000, 0x000001686de20000]
 total_blobs=2768 nmethods=2074 adapters=606
 compilation: enabled
              stopped_count=0, restarted_count=0
 full_count=0

Compilation events (20 events):
Event: 2.913 Thread 0x000001687c47ea00 nmethod 2063 0x00000168666e6c90 code [0x00000168666e6e40, 0x00000168666e7108]
Event: 2.913 Thread 0x000001687c47ea00 2064       3       sun.reflect.generics.visitor.Reifier::make (9 bytes)
Event: 2.913 Thread 0x000001687c47ea00 nmethod 2064 0x00000168666e7210 code [0x00000168666e73c0, 0x00000168666e7618]
Event: 2.913 Thread 0x000001687c47ea00 2065       3       sun.reflect.generics.visitor.Reifier::<init> (10 bytes)
Event: 2.914 Thread 0x000001687c47ea00 nmethod 2065 0x00000168666e7710 code [0x00000168666e78a0, 0x00000168666e7a58]
Event: 2.914 Thread 0x000001687c47ea00 2066       3       java.lang.reflect.Method::getTypeParameters (19 bytes)
Event: 2.915 Thread 0x000001687c47ea00 nmethod 2066 0x00000168666e7b10 code [0x00000168666e7d80, 0x00000168666e8aa8]
Event: 2.915 Thread 0x000001687c47ea00 2067       3       java.beans.FeatureDescriptor::getParameterTypes (21 bytes)
Event: 2.916 Thread 0x000001687c47ea00 nmethod 2067 0x00000168666e8e90 code [0x00000168666e9140, 0x00000168666e9eb8]
Event: 2.917 Thread 0x000001687c47ea00 2068       3       java.lang.Module::isExported (18 bytes)
Event: 2.918 Thread 0x000001687c47ea00 nmethod 2068 0x00000168666ea310 code [0x00000168666ea4e0, 0x00000168666ea8e8]
Event: 2.918 Thread 0x000001687c47ea00 2069       3       java.lang.Character::toLowerCase (6 bytes)
Event: 2.918 Thread 0x000001687c47ea00 nmethod 2069 0x00000168666eaa90 code [0x00000168666eac40, 0x00000168666eae98]
Event: 2.918 Thread 0x000001687c47ea00 2070       3       groovy.lang.MetaMethod::isStatic (16 bytes)
Event: 2.918 Thread 0x000001687c47ea00 nmethod 2070 0x00000168666eaf90 code [0x00000168666eb140, 0x00000168666eb368]
Event: 2.919 Thread 0x000001687c47ea00 2071       3       groovyjarjarasm.asm.SymbolTable::get (13 bytes)
Event: 2.919 Thread 0x000001687c47ea00 nmethod 2071 0x00000168666eb410 code [0x00000168666eb5a0, 0x00000168666eb6f8]
Event: 2.920 Thread 0x000001687cd15200 2072   !   4       jdk.internal.loader.URLClassPath$JarLoader::getResource (354 bytes)
Event: 2.927 Thread 0x000001687c47ea00 2073   !   3       java.util.concurrent.ConcurrentHashMap::replaceNode (438 bytes)
Event: 2.930 Thread 0x000001687c47ea00 nmethod 2073 0x00000168666eb810 code [0x00000168666ebb60, 0x00000168666ed398]

GC Heap History (6 events):
Event: 1.203 GC heap before
{Heap before GC invocations=0 (full 0):
 garbage-first heap   total 262144K, used 12288K [0x0000000080000000, 0x0000000100000000)
  region size 1024K, 13 young (13312K), 0 survivors (0K)
 Metaspace       used 3985K, committed 4096K, reserved 1114112K
  class space    used 414K, committed 448K, reserved 1048576K
}
Event: 1.209 GC heap after
{Heap after GC invocations=1 (full 0):
 garbage-first heap   total 262144K, used 3843K [0x0000000080000000, 0x0000000100000000)
  region size 1024K, 2 young (2048K), 2 survivors (2048K)
 Metaspace       used 3985K, committed 4096K, reserved 1114112K
  class space    used 414K, committed 448K, reserved 1048576K
}
Event: 1.647 GC heap before
{Heap before GC invocations=1 (full 0):
 garbage-first heap   total 262144K, used 17155K [0x0000000080000000, 0x0000000100000000)
  region size 1024K, 13 young (13312K), 2 survivors (2048K)
 Metaspace       used 6917K, committed 7104K, reserved 1114112K
  class space    used 660K, committed 704K, reserved 1048576K
}
Event: 1.653 GC heap after
{Heap after GC invocations=2 (full 0):
 garbage-first heap   total 262144K, used 5844K [0x0000000080000000, 0x0000000100000000)
  region size 1024K, 2 young (2048K), 2 survivors (2048K)
 Metaspace       used 6917K, committed 7104K, reserved 1114112K
  class space    used 660K, committed 704K, reserved 1048576K
}
Event: 2.450 GC heap before
{Heap before GC invocations=2 (full 0):
 garbage-first heap   total 262144K, used 29396K [0x0000000080000000, 0x0000000100000000)
  region size 1024K, 26 young (26624K), 2 survivors (2048K)
 Metaspace       used 11665K, committed 11904K, reserved 1114112K
  class space    used 1286K, committed 1408K, reserved 1048576K
}
Event: 2.457 GC heap after
{Heap after GC invocations=3 (full 0):
 garbage-first heap   total 262144K, used 7913K [0x0000000080000000, 0x0000000100000000)
  region size 1024K, 4 young (4096K), 4 survivors (4096K)
 Metaspace       used 11665K, committed 11904K, reserved 1114112K
  class space    used 1286K, committed 1408K, reserved 1048576K
}

Dll operation events (7 events):
Event: 0.014 Loaded shared library C:\Users\JARVIS\.java-caller\jre\jdk-17.0.15+6-jre\bin\java.dll
Event: 0.056 Loaded shared library C:\Users\JARVIS\.java-caller\jre\jdk-17.0.15+6-jre\bin\jsvml.dll
Event: 0.199 Loaded shared library C:\Users\JARVIS\.java-caller\jre\jdk-17.0.15+6-jre\bin\net.dll
Event: 0.202 Loaded shared library C:\Users\JARVIS\.java-caller\jre\jdk-17.0.15+6-jre\bin\nio.dll
Event: 0.213 Loaded shared library C:\Users\JARVIS\.java-caller\jre\jdk-17.0.15+6-jre\bin\zip.dll
Event: 0.502 Loaded shared library C:\Users\JARVIS\.java-caller\jre\jdk-17.0.15+6-jre\bin\jimage.dll
Event: 1.811 Loaded shared library C:\Users\JARVIS\.java-caller\jre\jdk-17.0.15+6-jre\bin\verify.dll

Deoptimization events (20 events):
Event: 2.724 Thread 0x000001686134b0c0 Uncommon trap: trap_request=0xffffffc6 fr.pc=0x000001686dec2e04 relative=0x00000000000013c4
Event: 2.724 Thread 0x000001686134b0c0 Uncommon trap: reason=bimorphic_or_optimized_type_check action=maybe_recompile pc=0x000001686dec2e04 method=java.util.HashMap.putVal(ILjava/lang/Object;Ljava/lang/Object;ZZ)Ljava/lang/Object; @ 152 c2
Event: 2.724 Thread 0x000001686134b0c0 DEOPT PACKING pc=0x000001686dec2e04 sp=0x00000022d0cfd7d0
Event: 2.724 Thread 0x000001686134b0c0 DEOPT UNPACKING pc=0x000001686d8d69a3 sp=0x00000022d0cfd760 mode 2
Event: 2.724 Thread 0x000001686134b0c0 Uncommon trap: trap_request=0xffffffc6 fr.pc=0x000001686dec2d34 relative=0x00000000000012f4
Event: 2.724 Thread 0x000001686134b0c0 Uncommon trap: reason=bimorphic_or_optimized_type_check action=maybe_recompile pc=0x000001686dec2d34 method=java.util.HashMap.putVal(ILjava/lang/Object;Ljava/lang/Object;ZZ)Ljava/lang/Object; @ 56 c2
Event: 2.724 Thread 0x000001686134b0c0 DEOPT PACKING pc=0x000001686dec2d34 sp=0x00000022d0cfd7d0
Event: 2.724 Thread 0x000001686134b0c0 DEOPT UNPACKING pc=0x000001686d8d69a3 sp=0x00000022d0cfd758 mode 2
Event: 2.837 Thread 0x000001686134b0c0 Uncommon trap: trap_request=0xffffff45 fr.pc=0x000001686dec0348 relative=0x0000000000000308
Event: 2.837 Thread 0x000001686134b0c0 Uncommon trap: reason=unstable_if action=reinterpret pc=0x000001686dec0348 method=java.lang.Integer.parseInt(Ljava/lang/String;I)I @ 119 c2
Event: 2.837 Thread 0x000001686134b0c0 DEOPT PACKING pc=0x000001686dec0348 sp=0x00000022d0cfddc0
Event: 2.837 Thread 0x000001686134b0c0 DEOPT UNPACKING pc=0x000001686d8d69a3 sp=0x00000022d0cfdd28 mode 2
Event: 2.849 Thread 0x000001686134b0c0 Uncommon trap: trap_request=0xffffff45 fr.pc=0x000001686de6d404 relative=0x00000000000000e4
Event: 2.849 Thread 0x000001686134b0c0 Uncommon trap: reason=unstable_if action=reinterpret pc=0x000001686de6d404 method=java.util.HashMap.hash(Ljava/lang/Object;)I @ 1 c2
Event: 2.849 Thread 0x000001686134b0c0 DEOPT PACKING pc=0x000001686de6d404 sp=0x00000022d0cfd540
Event: 2.851 Thread 0x000001686134b0c0 DEOPT UNPACKING pc=0x000001686d8d69a3 sp=0x00000022d0cfd480 mode 2
Event: 2.851 Thread 0x000001686134b0c0 Uncommon trap: trap_request=0xffffff45 fr.pc=0x000001686de51c18 relative=0x0000000000000098
Event: 2.851 Thread 0x000001686134b0c0 Uncommon trap: reason=unstable_if action=reinterpret pc=0x000001686de51c18 method=java.util.HashMap.hash(Ljava/lang/Object;)I @ 1 c2
Event: 2.851 Thread 0x000001686134b0c0 DEOPT PACKING pc=0x000001686de51c18 sp=0x00000022d0cfd4f0
Event: 2.851 Thread 0x000001686134b0c0 DEOPT UNPACKING pc=0x000001686d8d69a3 sp=0x00000022d0cfd488 mode 2

Classes loaded (20 events):
Event: 2.725 Loading class java/lang/ProcessEnvironment$CheckedEntry
Event: 2.725 Loading class java/lang/ProcessEnvironment$CheckedEntry done
Event: 2.754 Loading class java/util/concurrent/atomic/AtomicBoolean
Event: 2.754 Loading class java/util/concurrent/atomic/AtomicBoolean done
Event: 2.763 Loading class jdk/internal/loader/BootLoader$PackageHelper
Event: 2.763 Loading class jdk/internal/loader/BootLoader$PackageHelper done
Event: 2.768 Loading class java/util/Vector$Itr
Event: 2.768 Loading class java/util/Vector$Itr done
Event: 2.852 Loading class java/util/concurrent/atomic/AtomicReference
Event: 2.852 Loading class java/util/concurrent/atomic/AtomicReference done
Event: 2.909 Loading class java/io/Console
Event: 2.909 Loading class java/io/Console done
Event: 2.910 Loading class java/lang/SystemBeanInfo
Event: 2.910 Loading class java/lang/SystemBeanInfo done
Event: 2.910 Loading class java/lang/SystemBeanInfo
Event: 2.910 Loading class java/lang/SystemBeanInfo done
Event: 2.910 Loading class java/lang/SystemCustomizer
Event: 2.910 Loading class java/lang/SystemCustomizer done
Event: 2.910 Loading class java/lang/SystemCustomizer
Event: 2.910 Loading class java/lang/SystemCustomizer done

Classes unloaded (0 events):
No events

Classes redefined (0 events):
No events

Internal exceptions (20 events):
Event: 1.194 Thread 0x000001686134b0c0 Exception <a 'java/lang/ClassNotFoundException'{0x000000008f3e1f38}: groovy/lang/ExpandoMetaClassCustomizer> (0x000000008f3e1f38) 
thrown [s\src\hotspot\share\classfile\systemDictionary.cpp, line 256]
Event: 1.224 Thread 0x000001686134b0c0 Exception <a 'java/lang/NoSuchMethodError'{0x000000008ff31158}: 'void java.lang.invoke.DirectMethodHandle$Holder.invokeSpecial(java.lang.Object, java.lang.Object, java.lang.Object)'> (0x000000008ff31158) 
thrown [s\src\hotspot\share\interpreter\linkResolver.cpp, line 759]
Event: 1.230 Thread 0x000001686134b0c0 Exception <a 'java/lang/ClassNotFoundException'{0x000000008ff71300}: com/nvuillam/CodeNarcServerBeanInfo> (0x000000008ff71300) 
thrown [s\src\hotspot\share\classfile\systemDictionary.cpp, line 256]
Event: 1.230 Thread 0x000001686134b0c0 Exception <a 'java/lang/ClassNotFoundException'{0x000000008ff736b0}: com/nvuillam/CodeNarcServerCustomizer> (0x000000008ff736b0) 
thrown [s\src\hotspot\share\classfile\systemDictionary.cpp, line 256]
Event: 1.268 Thread 0x000001686134b0c0 Exception <a 'java/lang/ClassNotFoundException'{0x000000008fe64230}: java/lang/ClassBeanInfo> (0x000000008fe64230) 
thrown [s\src\hotspot\share\classfile\systemDictionary.cpp, line 256]
Event: 1.268 Thread 0x000001686134b0c0 Exception <a 'java/lang/ClassNotFoundException'{0x000000008fe649d0}: java/lang/ClassCustomizer> (0x000000008fe649d0) 
thrown [s\src\hotspot\share\classfile\systemDictionary.cpp, line 256]
Event: 1.429 Thread 0x000001686134b0c0 Exception <a 'java/lang/NoSuchMethodError'{0x000000008fa8f4a0}: 'java.lang.Object java.lang.invoke.DirectMethodHandle$Holder.invokeStaticInit(java.lang.Object)'> (0x000000008fa8f4a0) 
thrown [s\src\hotspot\share\interpreter\linkResolver.cpp, line 759]
Event: 1.800 Thread 0x000001686134b0c0 Exception <a 'java/lang/ClassNotFoundException'{0x000000008f02da78}: org/slf4j/LoggerFactoryBeanInfo> (0x000000008f02da78) 
thrown [s\src\hotspot\share\classfile\systemDictionary.cpp, line 256]
Event: 1.801 Thread 0x000001686134b0c0 Exception <a 'java/lang/ClassNotFoundException'{0x000000008f02fe18}: org/slf4j/LoggerFactoryCustomizer> (0x000000008f02fe18) 
thrown [s\src\hotspot\share\classfile\systemDictionary.cpp, line 256]
Event: 1.902 Thread 0x000001686134b0c0 Exception <a 'java/lang/ClassNotFoundException'{0x000000008effc750}: javax/smartcardio/CardPermission> (0x000000008effc750) 
thrown [s\src\hotspot\share\classfile\systemDictionary.cpp, line 256]
Event: 1.908 Thread 0x000001686134b0c0 Exception <a 'java/io/FileNotFoundException'{0x000000008ee0ae98}> (0x000000008ee0ae98) 
thrown [s\src\hotspot\share\prims\jni.cpp, line 516]
Event: 1.953 Thread 0x000001686134b0c0 Exception <a 'java/lang/NoSuchMethodError'{0x000000008ee95858}: 'java.lang.Object java.lang.invoke.DirectMethodHandle$Holder.invokeSpecial(java.lang.Object, java.lang.Object, java.lang.Object, long, java.lang.Object)'> (0x000000008ee95858) 
thrown [s\src\hotspot\share\interpreter\linkResolver.cpp, line 759]
Event: 1.954 Thread 0x000001686134b0c0 Exception <a 'java/lang/NoSuchMethodError'{0x000000008ee99428}: 'java.lang.Object java.lang.invoke.Invokers$Holder.linkToTargetMethod(java.lang.Object, long, java.lang.Object, java.lang.Object)'> (0x000000008ee99428) 
thrown [s\src\hotspot\share\interpreter\linkResolver.cpp, line 759]
Event: 2.097 Thread 0x000001686134b0c0 Exception <a 'java/lang/NoSuchMethodError'{0x000000008ecb7b60}: 'void java.lang.invoke.DirectMethodHandle$Holder.invokeSpecialIFC(java.lang.Object, java.lang.Object, java.lang.Object, java.lang.Object, java.lang.Object)'> (0x000000008ecb7b60) 
thrown [s\src\hotspot\share\interpreter\linkResolver.cpp, line 759]
Event: 2.263 Thread 0x000001686134b0c0 Implicit null exception at 0x000001686de6dc8c to 0x000001686de6ddc2
Event: 2.747 Thread 0x000001686134b0c0 Exception <a 'java/lang/NoSuchMethodError'{0x000000008fab2608}: 'int java.lang.invoke.DirectMethodHandle$Holder.invokeVirtual(java.lang.Object, java.lang.Object, java.lang.Object, java.lang.Object)'> (0x000000008fab2608) 
thrown [s\src\hotspot\share\interpreter\linkResolver.cpp, line 759]
Event: 2.849 Thread 0x000001686134b0c0 Implicit null exception at 0x000001686de6d360 to 0x000001686de6d3fa
Event: 2.851 Thread 0x000001686134b0c0 Implicit null exception at 0x000001686de51b8f to 0x000001686de51c09
Event: 2.910 Thread 0x000001686134b0c0 Exception <a 'java/lang/ClassNotFoundException'{0x000000008f8450c8}: java/lang/SystemBeanInfo> (0x000000008f8450c8) 
thrown [s\src\hotspot\share\classfile\systemDictionary.cpp, line 256]
Event: 2.910 Thread 0x000001686134b0c0 Exception <a 'java/lang/ClassNotFoundException'{0x000000008f845868}: java/lang/SystemCustomizer> (0x000000008f845868) 
thrown [s\src\hotspot\share\classfile\systemDictionary.cpp, line 256]

VM Operations (20 events):
Event: 1.647 Executing VM operation: G1CollectForAllocation
Event: 1.653 Executing VM operation: G1CollectForAllocation done
Event: 2.202 Executing VM operation: HandshakeAllThreads
Event: 2.202 Executing VM operation: HandshakeAllThreads done
Event: 2.225 Executing VM operation: HandshakeAllThreads
Event: 2.225 Executing VM operation: HandshakeAllThreads done
Event: 2.229 Executing VM operation: HandshakeAllThreads
Event: 2.229 Executing VM operation: HandshakeAllThreads done
Event: 2.257 Executing VM operation: HandshakeAllThreads
Event: 2.257 Executing VM operation: HandshakeAllThreads done
Event: 2.450 Executing VM operation: G1CollectForAllocation
Event: 2.457 Executing VM operation: G1CollectForAllocation done
Event: 2.592 Executing VM operation: HandshakeAllThreads
Event: 2.592 Executing VM operation: HandshakeAllThreads done
Event: 2.723 Executing VM operation: HandshakeAllThreads
Event: 2.724 Executing VM operation: HandshakeAllThreads done
Event: 2.842 Executing VM operation: HandshakeAllThreads
Event: 2.842 Executing VM operation: HandshakeAllThreads done
Event: 2.842 Executing VM operation: HandshakeAllThreads
Event: 2.842 Executing VM operation: HandshakeAllThreads done

Memory protections (0 events):
No events

Nmethod flushes (0 events):
No events

Events (17 events):
Event: 0.057 Thread 0x000001686134b0c0 Thread added: 0x000001686134b0c0
Event: 0.075 Thread 0x000001686134b0c0 Thread added: 0x000001687c43e830
Event: 0.076 Thread 0x000001686134b0c0 Thread added: 0x000001687c4400d0
Event: 0.113 Thread 0x000001686134b0c0 Thread added: 0x000001687c453d50
Event: 0.113 Thread 0x000001686134b0c0 Thread added: 0x000001687c457890
Event: 0.114 Thread 0x000001686134b0c0 Thread added: 0x000001687c458250
Event: 0.114 Thread 0x000001686134b0c0 Thread added: 0x000001687c459c20
Event: 0.114 Thread 0x000001686134b0c0 Thread added: 0x000001687c45a910
Event: 0.133 Thread 0x000001686134b0c0 Thread added: 0x000001687c47ea00
Event: 0.139 Thread 0x000001686134b0c0 Thread added: 0x000001687c5cc480
Event: 0.179 Thread 0x000001686134b0c0 Thread added: 0x000001687c681a40
Event: 0.181 Thread 0x000001686134b0c0 Thread added: 0x000001687c686ba0
Event: 0.280 Thread 0x000001687c47ea00 Thread added: 0x000001687c6fea90
Event: 0.775 Thread 0x000001687c6fea90 Thread exited: 0x000001687c6fea90
Event: 1.186 Thread 0x000001687c47ea00 Thread added: 0x000001687ca42470
Event: 1.412 Thread 0x000001687ca42470 Thread exited: 0x000001687ca42470
Event: 1.476 Thread 0x000001687c45a910 Thread added: 0x000001687cd15200


Dynamic libraries:
0x00007ff790d20000 - 0x00007ff790d2e000 	C:\Users\JARVIS\.java-caller\jre\jdk-17.0.15+6-jre\bin\java.exe
0x00007ffbc21b0000 - 0x00007ffbc23a8000 	C:\Windows\SYSTEM32\ntdll.dll
0x00007ffbc0dc0000 - 0x00007ffbc0e82000 	C:\Windows\System32\KERNEL32.DLL
0x00007ffbbfb80000 - 0x00007ffbbfe76000 	C:\Windows\System32\KERNELBASE.dll
0x00007ffbc00d0000 - 0x00007ffbc01d0000 	C:\Windows\System32\ucrtbase.dll
0x00007ffbb89f0000 - 0x00007ffbb8a07000 	C:\Users\JARVIS\.java-caller\jre\jdk-17.0.15+6-jre\bin\jli.dll
0x00007ffbc1610000 - 0x00007ffbc17ad000 	C:\Windows\System32\USER32.dll
0x00007ffbbf8c0000 - 0x00007ffbbf8e2000 	C:\Windows\System32\win32u.dll
0x00007ffbc1500000 - 0x00007ffbc152b000 	C:\Windows\System32\GDI32.dll
0x00007ffbbfe80000 - 0x00007ffbbff99000 	C:\Windows\System32\gdi32full.dll
0x00007ffbbfae0000 - 0x00007ffbbfb7d000 	C:\Windows\System32\msvcp_win.dll
0x00007ffbb8730000 - 0x00007ffbb874e000 	C:\Users\JARVIS\.java-caller\jre\jdk-17.0.15+6-jre\bin\VCRUNTIME140.dll
0x00007ffba7ac0000 - 0x00007ffba7d5a000 	C:\Windows\WinSxS\amd64_microsoft.windows.common-controls_6595b64144ccf1df_6.0.19041.5915_none_60b4b9d171f9c7c7\COMCTL32.dll
0x00007ffbc13a0000 - 0x00007ffbc143e000 	C:\Windows\System32\msvcrt.dll
0x00007ffbc1440000 - 0x00007ffbc146f000 	C:\Windows\System32\IMM32.DLL
0x00007ffbbb360000 - 0x00007ffbbb36c000 	C:\Users\JARVIS\.java-caller\jre\jdk-17.0.15+6-jre\bin\vcruntime140_1.dll
0x00007ffbb82d0000 - 0x00007ffbb835d000 	C:\Users\JARVIS\.java-caller\jre\jdk-17.0.15+6-jre\bin\msvcp140.dll
0x00007ffb78c40000 - 0x00007ffb798ab000 	C:\Users\JARVIS\.java-caller\jre\jdk-17.0.15+6-jre\bin\server\jvm.dll
0x00007ffbc0ce0000 - 0x00007ffbc0d91000 	C:\Windows\System32\ADVAPI32.dll
0x00007ffbc07d0000 - 0x00007ffbc086f000 	C:\Windows\System32\sechost.dll
0x00007ffbc2030000 - 0x00007ffbc2153000 	C:\Windows\System32\RPCRT4.dll
0x00007ffbc0050000 - 0x00007ffbc0077000 	C:\Windows\System32\bcrypt.dll
0x00007ffbc1330000 - 0x00007ffbc139b000 	C:\Windows\System32\WS2_32.dll
0x00007ffbbed40000 - 0x00007ffbbed8b000 	C:\Windows\SYSTEM32\POWRPROF.dll
0x00007ffbaa7f0000 - 0x00007ffbaa817000 	C:\Windows\SYSTEM32\WINMM.dll
0x00007ffbb7de0000 - 0x00007ffbb7dea000 	C:\Windows\SYSTEM32\VERSION.dll
0x00007ffbbec00000 - 0x00007ffbbec12000 	C:\Windows\SYSTEM32\UMPDC.dll
0x00007ffbbe020000 - 0x00007ffbbe032000 	C:\Windows\SYSTEM32\kernel.appcore.dll
0x00007ffbba2c0000 - 0x00007ffbba2ca000 	C:\Users\JARVIS\.java-caller\jre\jdk-17.0.15+6-jre\bin\jimage.dll
0x00007ffbbd560000 - 0x00007ffbbd761000 	C:\Windows\SYSTEM32\DBGHELP.DLL
0x00007ffba2930000 - 0x00007ffba2964000 	C:\Windows\SYSTEM32\dbgcore.DLL
0x00007ffbbfa50000 - 0x00007ffbbfad2000 	C:\Windows\System32\bcryptPrimitives.dll
0x00007ffbb82a0000 - 0x00007ffbb82c5000 	C:\Users\JARVIS\.java-caller\jre\jdk-17.0.15+6-jre\bin\java.dll
0x00007ffb992a0000 - 0x00007ffb99377000 	C:\Users\JARVIS\.java-caller\jre\jdk-17.0.15+6-jre\bin\jsvml.dll
0x00007ffbc17b0000 - 0x00007ffbc1f1e000 	C:\Windows\System32\SHELL32.dll
0x00007ffbbd860000 - 0x00007ffbbe004000 	C:\Windows\SYSTEM32\windows.storage.dll
0x00007ffbc01d0000 - 0x00007ffbc0523000 	C:\Windows\System32\combase.dll
0x00007ffbbf190000 - 0x00007ffbbf1bb000 	C:\Windows\SYSTEM32\Wldp.dll
0x00007ffbc0530000 - 0x00007ffbc05fd000 	C:\Windows\System32\OLEAUT32.dll
0x00007ffbc0600000 - 0x00007ffbc06ad000 	C:\Windows\System32\SHCORE.dll
0x00007ffbc11e0000 - 0x00007ffbc123b000 	C:\Windows\System32\shlwapi.dll
0x00007ffbbf770000 - 0x00007ffbbf795000 	C:\Windows\SYSTEM32\profapi.dll
0x00007ffbb8280000 - 0x00007ffbb8299000 	C:\Users\JARVIS\.java-caller\jre\jdk-17.0.15+6-jre\bin\net.dll
0x00007ffbb5b70000 - 0x00007ffbb5c7a000 	C:\Windows\SYSTEM32\WINHTTP.dll
0x00007ffbbef70000 - 0x00007ffbbefda000 	C:\Windows\system32\mswsock.dll
0x00007ffbb8260000 - 0x00007ffbb8276000 	C:\Users\JARVIS\.java-caller\jre\jdk-17.0.15+6-jre\bin\nio.dll
0x00007ffbb8240000 - 0x00007ffbb8258000 	C:\Users\JARVIS\.java-caller\jre\jdk-17.0.15+6-jre\bin\zip.dll
0x00007ffbb8230000 - 0x00007ffbb8240000 	C:\Users\JARVIS\.java-caller\jre\jdk-17.0.15+6-jre\bin\verify.dll

dbghelp: loaded successfully - version: 4.0.5 - missing functions: none
symbol engine: initialized successfully - sym options: 0x614 - pdb path: .;C:\Users\JARVIS\.java-caller\jre\jdk-17.0.15+6-jre\bin;C:\Windows\SYSTEM32;C:\Windows\WinSxS\amd64_microsoft.windows.common-controls_6595b64144ccf1df_6.0.19041.5915_none_60b4b9d171f9c7c7;C:\Users\JARVIS\.java-caller\jre\jdk-17.0.15+6-jre\bin\server

VM Arguments:
jvm_args: -Xms256m -Xmx2048m 
java_command: c:\Users\JARVIS\.vscode\extensions\nicolasvuillamy.vscode-groovy-lint-3.3.1\server\node_modules\npm-groovy-lint\lib/java/CodeNarcServer.jar --server
java_class_path (initial): c:\Users\JARVIS\.vscode\extensions\nicolasvuillamy.vscode-groovy-lint-3.3.1\server\node_modules\npm-groovy-lint\lib/java/CodeNarcServer.jar
Launcher Type: SUN_STANDARD

[Global flags]
     intx CICompilerCount                          = 3                                         {product} {ergonomic}
     uint ConcGCThreads                            = 1                                         {product} {ergonomic}
     uint G1ConcRefinementThreads                  = 4                                         {product} {ergonomic}
   size_t G1HeapRegionSize                         = 1048576                                   {product} {ergonomic}
    uintx GCDrainStackTargetSize                   = 64                                        {product} {ergonomic}
   size_t InitialHeapSize                          = 268435456                                 {product} {command line}
   size_t MarkStackSize                            = 4194304                                   {product} {ergonomic}
   size_t MaxHeapSize                              = 2147483648                                {product} {command line}
   size_t MaxNewSize                               = 1287651328                                {product} {ergonomic}
   size_t MinHeapDeltaBytes                        = 1048576                                   {product} {ergonomic}
   size_t MinHeapSize                              = 268435456                                 {product} {command line}
    uintx NonNMethodCodeHeapSize                   = 5832780                                {pd product} {ergonomic}
    uintx NonProfiledCodeHeapSize                  = 122912730                              {pd product} {ergonomic}
    uintx ProfiledCodeHeapSize                     = 122912730                              {pd product} {ergonomic}
    uintx ReservedCodeCacheSize                    = 251658240                              {pd product} {ergonomic}
     bool SegmentedCodeCache                       = true                                      {product} {ergonomic}
   size_t SoftMaxHeapSize                          = 2147483648                             {manageable} {ergonomic}
     bool UseCompressedClassPointers               = true                           {product lp64_product} {ergonomic}
     bool UseCompressedOops                        = true                           {product lp64_product} {ergonomic}
     bool UseG1GC                                  = true                                      {product} {ergonomic}
     bool UseLargePagesIndividualAllocation        = false                                  {pd product} {ergonomic}

Logging:
Log output configuration:
 #0: stdout all=warning uptime,level,tags
 #1: stderr all=off uptime,level,tags

Environment Variables:
JAVA_HOME=C:\Users\JARVIS\.java-caller\jre\jdk-17.0.15+6-jre
PATH=C:\Users\JARVIS\.java-caller\jre\jdk-17.0.15+6-jre\bin;C:\Windows\system32;C:\Windows;C:\Windows\System32\Wbem;C:\Windows\System32\WindowsPowerShell\v1.0\;C:\Windows\System32\OpenSSH\;C:\Program Files\nodejs\;C:\Program Files\Git\cmd;C:\Program Files\PuTTY\;C:\Program Files (x86)\Microsoft SQL Server\160\DTS\Binn\;%MAVEN_HOME%\bin;C:\ProgramData\chocolatey\bin;C:\Program Files\Amazon\AWSCLIV2\;C:\Program Files\Oracle\VirtualBox;C:\Program Files\Cloudflare\Cloudflare WARP\;C:\Program Files (x86)\Vagrant\bin;C:\Users\JARVIS\AppData\Local\Microsoft\WindowsApps;C:\Users\JARVIS\AppData\Local\Programs\Microsoft VS Code\bin;C:\Users\JARVIS\AppData\Roaming\npm;C:\apache-maven-3.9.10\bin;
USERNAME=JARVIS
OS=Windows_NT
PROCESSOR_IDENTIFIER=Intel64 Family 6 Model 142 Stepping 9, GenuineIntel
TMP=C:\Users\JARVIS\AppData\Local\Temp
TEMP=C:\Users\JARVIS\AppData\Local\Temp



Periodic native trim disabled


---------------  S Y S T E M  ---------------

OS:
 Windows 10 , 64 bit Build 19041 (10.0.19041.5915)
OS uptime: 0 days 4:55 hours
Hyper-V role detected

CPU: total 4 (initial active 4) (2 cores per cpu, 2 threads per core) family 6 model 142 stepping 9 microcode 0xf6, cx8, cmov, fxsr, ht, mmx, 3dnowpref, sse, sse2, sse3, ssse3, sse4.1, sse4.2, popcnt, lzcnt, tsc, tscinvbit, avx, avx2, aes, erms, clmul, bmi1, bmi2, adx, fma, vzeroupper, clflush, clflushopt, hv
Processor Information for all 4 processors :
  Max Mhz: 2401, Current Mhz: 2401, Mhz Limit: 2401

Memory: 4k page, system-wide physical 12190M (1581M free)
TotalPageFile size 12190M (AvailPageFile size 10M)
current process WorkingSet (physical memory assigned to process): 104M, peak: 104M
current process commit charge ("private bytes"): 364M, peak: 364M

vm_info: OpenJDK 64-Bit Server VM (17.0.15+6) for windows-amd64 JRE (17.0.15+6), built on Apr 15 2025 21:25:47 by "admin" with MS VC++ 17.7 (VS2022)

END.
